Thu Nov 05 2020 11:24:26 GMT-0500 (Eastern Standard Time), a
Thu Nov 05 2020 11:25:03 GMT-0500 (Eastern Standard Time), a
Thu Nov 05 2020 11:25:03 GMT-0500 (Eastern Standard Time), a
Thu Nov 05 2020 11:25:03 GMT-0500 (Eastern Standard Time), cards played are [object Object],[object Object], winner is a
Thu Nov 05 2020 11:25:03 GMT-0500 (Eastern Standard Time), cards played are [object Object],[object Object], winner is a
Thu Nov 05 2020 11:25:03 GMT-0500 (Eastern Standard Time), cards played are [object Object],[object Object], winner is a
Thu Nov 05 2020 11:25:03 GMT-0500 (Eastern Standard Time), cards played are [object Object],[object Object], winner is a
Thu Nov 05 2020 11:25:03 GMT-0500 (Eastern Standard Time), cards played are [object Object],[object Object], winner is a
Thu Nov 05 2020 11:25:03 GMT-0500 (Eastern Standard Time), cards played are [object Object],[object Object], winner is a
Thu Nov 05 2020 11:25:03 GMT-0500 (Eastern Standard Time), cards played are [object Object],[object Object], winner is a
Thu Nov 05 2020 11:25:03 GMT-0500 (Eastern Standard Time), cards played are [object Object],[object Object], winner is a
Thu Nov 05 2020 11:25:03 GMT-0500 (Eastern Standard Time), cards played are [object Object],[object Object], winner is a
Thu Nov 05 2020 11:47:33 GMT-0500 (Eastern Standard Time), d
Thu Nov 05 2020 11:47:33 GMT-0500 (Eastern Standard Time), a
Thu Nov 05 2020 11:47:33 GMT-0500 (Eastern Standard Time), cards played are [object Object],[object Object], winner is a
Thu Nov 05 2020 11:47:33 GMT-0500 (Eastern Standard Time), cards played are [object Object],[object Object], winner is a
Thu Nov 05 2020 11:48:57 GMT-0500 (Eastern Standard Time), s
Thu Nov 05 2020 11:48:57 GMT-0500 (Eastern Standard Time), a
Thu Nov 05 2020 11:48:57 GMT-0500 (Eastern Standard Time), cards played are undefined, winner is a
Thu Nov 05 2020 11:50:34 GMT-0500 (Eastern Standard Time), a
Thu Nov 05 2020 11:50:34 GMT-0500 (Eastern Standard Time), a
Thu Nov 05 2020 11:50:34 GMT-0500 (Eastern Standard Time), cards played are birds of 6 played by [object Object]dogs of 6 played by [object Object], winner is a
Thu Nov 05 2020 11:51:39 GMT-0500 (Eastern Standard Time), a
Thu Nov 05 2020 11:51:39 GMT-0500 (Eastern Standard Time), a
Thu Nov 05 2020 11:51:39 GMT-0500 (Eastern Standard Time), cards played are 13 of javascript7 of javascript, winner is a
Thu Nov 05 2020 11:52:15 GMT-0500 (Eastern Standard Time), msg Length is 1
Thu Nov 05 2020 11:52:15 GMT-0500 (Eastern Standard Time), msg Length is 1
Thu Nov 05 2020 11:52:15 GMT-0500 (Eastern Standard Time), msg Length is 1
Thu Nov 05 2020 11:52:15 GMT-0500 (Eastern Standard Time), msg Length is 1
Thu Nov 05 2020 11:52:15 GMT-0500 (Eastern Standard Time), msg Length is 1
Thu Nov 05 2020 11:52:15 GMT-0500 (Eastern Standard Time), msg Length is 1
Thu Nov 05 2020 11:52:15 GMT-0500 (Eastern Standard Time), msg Length is 1
Thu Nov 05 2020 11:52:15 GMT-0500 (Eastern Standard Time), msg Length is 1
Thu Nov 05 2020 11:52:15 GMT-0500 (Eastern Standard Time), msg Length is 2
Thu Nov 05 2020 11:52:15 GMT-0500 (Eastern Standard Time), msg Length is 1
Thu Nov 05 2020 11:52:15 GMT-0500 (Eastern Standard Time), msg Length is 1
Thu Nov 05 2020 11:52:15 GMT-0500 (Eastern Standard Time), msg Length is 1
Thu Nov 05 2020 11:52:15 GMT-0500 (Eastern Standard Time), msg Length is 2
Thu Nov 05 2020 11:52:15 GMT-0500 (Eastern Standard Time), msg Length is 0
Thu Nov 05 2020 11:52:15 GMT-0500 (Eastern Standard Time), msg Length is 13 to undefined
Thu Nov 05 2020 11:52:15 GMT-0500 (Eastern Standard Time), asd
Thu Nov 05 2020 11:52:15 GMT-0500 (Eastern Standard Time), Noah
Thu Nov 05 2020 11:52:15 GMT-0500 (Eastern Standard Time), d
Thu Nov 05 2020 11:52:15 GMT-0500 (Eastern Standard Time), msg Length is 8 to Noah
